TN:
SF:functions/search.ts
FN:1,(empty-report)
FNF:1
FNH:0
FNDA:0,(empty-report)
DA:1,0
DA:3,0
DA:4,0
DA:5,0
DA:6,0
DA:7,0
DA:8,0
DA:9,0
DA:10,0
DA:11,0
DA:12,0
DA:13,0
DA:14,0
DA:15,0
DA:16,0
DA:17,0
DA:18,0
DA:19,0
DA:20,0
DA:21,0
DA:23,0
DA:29,0
DA:30,0
DA:31,0
DA:32,0
DA:34,0
DA:35,0
DA:37,0
DA:38,0
DA:39,0
DA:40,0
DA:41,0
DA:42,0
DA:43,0
DA:44,0
DA:45,0
DA:47,0
DA:49,0
DA:51,0
DA:52,0
DA:53,0
DA:55,0
DA:56,0
DA:57,0
DA:59,0
DA:60,0
DA:61,0
DA:62,0
DA:63,0
DA:65,0
DA:66,0
DA:67,0
DA:68,0
DA:70,0
DA:71,0
DA:72,0
DA:73,0
DA:75,0
DA:76,0
DA:77,0
DA:79,0
DA:80,0
DA:81,0
DA:82,0
DA:83,0
DA:84,0
DA:85,0
DA:86,0
DA:87,0
DA:89,0
DA:90,0
DA:92,0
DA:93,0
DA:94,0
DA:95,0
DA:96,0
DA:97,0
DA:98,0
DA:99,0
DA:100,0
DA:101,0
DA:102,0
DA:103,0
DA:105,0
DA:106,0
DA:107,0
DA:108,0
DA:109,0
DA:110,0
DA:111,0
DA:113,0
DA:114,0
DA:115,0
DA:116,0
DA:117,0
DA:118,0
DA:119,0
DA:121,0
DA:122,0
DA:123,0
DA:124,0
DA:126,0
DA:128,0
DA:129,0
DA:130,0
DA:131,0
DA:132,0
DA:133,0
DA:134,0
DA:135,0
DA:136,0
DA:137,0
DA:138,0
DA:139,0
DA:140,0
DA:141,0
DA:142,0
DA:143,0
DA:144,0
DA:145,0
DA:146,0
DA:147,0
DA:148,0
DA:149,0
DA:150,0
DA:151,0
DA:152,0
DA:153,0
DA:154,0
DA:155,0
DA:157,0
DA:158,0
DA:159,0
DA:160,0
DA:161,0
DA:162,0
DA:163,0
DA:164,0
DA:165,0
DA:166,0
DA:167,0
DA:168,0
DA:169,0
DA:170,0
DA:171,0
DA:172,0
DA:174,0
DA:175,0
DA:176,0
DA:177,0
DA:178,0
DA:182,0
DA:183,0
DA:184,0
DA:185,0
DA:186,0
DA:187,0
DA:188,0
DA:189,0
DA:191,0
DA:192,0
DA:193,0
DA:194,0
DA:195,0
DA:196,0
DA:197,0
DA:198,0
DA:199,0
DA:200,0
DA:202,0
DA:203,0
DA:204,0
DA:206,0
DA:207,0
DA:208,0
LF:175
LH:0
BRDA:1,0,0,0
BRF:1
BRH:0
end_of_record
TN:
SF:src/App.tsx
FN:1,(empty-report)
FNF:1
FNH:0
FNDA:0,(empty-report)
DA:1,0
DA:3,0
DA:4,0
DA:5,0
DA:7,0
LF:5
LH:0
BRDA:1,0,0,0
BRF:1
BRH:0
end_of_record
TN:
SF:src/main.tsx
FN:1,(empty-report)
FNF:1
FNH:0
FNDA:0,(empty-report)
DA:1,0
DA:2,0
DA:3,0
DA:4,0
DA:5,0
DA:6,0
DA:8,0
DA:10,0
DA:11,0
DA:12,0
DA:13,0
DA:14,0
DA:15,0
DA:16,0
DA:17,0
DA:18,0
DA:20,0
DA:21,0
DA:22,0
DA:23,0
DA:24,0
DA:25,0
DA:26,0
LF:23
LH:0
BRDA:1,0,0,0
BRF:1
BRH:0
end_of_record
TN:
SF:src/test-utils.tsx
FN:5,renderWithProviders
FN:12,wrapper
FNF:2
FNH:2
FNDA:3,renderWithProviders
FNDA:3,wrapper
DA:1,1
DA:5,1
DA:6,3
DA:7,3
DA:8,3
DA:9,3
DA:10,3
DA:12,3
DA:13,3
DA:14,3
DA:15,3
DA:18,3
DA:19,3
DA:20,3
DA:21,3
DA:22,3
LF:16
LH:16
BRDA:5,0,0,3
BRDA:12,1,0,3
BRF:2
BRH:2
end_of_record
TN:
SF:src/api/github.ts
FN:29,sanitizeQuery
FN:32,buildSearchParams
FN:69,searchRepositories
FNF:3
FNH:3
FNDA:25,sanitizeQuery
FNDA:5,buildSearchParams
FNDA:5,searchRepositories
DA:1,1
DA:4,1
DA:5,1
DA:6,1
DA:29,1
DA:30,25
DA:32,1
DA:33,5
DA:34,5
DA:36,5
DA:37,0
DA:38,0
DA:40,5
DA:41,5
DA:42,5
DA:43,5
DA:44,5
DA:46,5
DA:48,5
DA:49,5
DA:50,5
DA:52,5
DA:53,0
DA:54,0
DA:55,5
DA:56,0
DA:57,0
DA:59,5
DA:60,0
DA:61,0
DA:62,0
DA:63,0
DA:64,0
DA:66,5
DA:67,5
DA:69,5
DA:70,5
DA:71,5
DA:72,0
DA:73,5
DA:75,5
DA:76,5
DA:77,5
DA:78,5
DA:79,5
DA:81,5
DA:82,5
DA:83,5
DA:84,5
DA:86,5
DA:87,1
DA:88,1
DA:89,1
DA:90,1
DA:91,1
DA:92,1
DA:93,1
DA:94,1
DA:95,1
DA:97,0
DA:99,1
DA:100,1
DA:101,1
DA:103,1
DA:104,1
DA:106,4
DA:108,5
DA:109,5
DA:110,5
DA:111,5
DA:113,5
DA:114,5
DA:115,5
DA:116,5
DA:117,5
DA:118,5
DA:119,5
DA:120,5
LF:78
LH:65
BRDA:29,0,0,25
BRDA:32,1,0,5
BRDA:36,2,0,0
BRDA:42,3,0,0
BRDA:43,4,0,0
BRDA:52,5,0,0
BRDA:55,6,0,0
BRDA:59,7,0,0
BRDA:69,8,0,5
BRDA:71,9,0,0
BRDA:82,10,0,0
BRDA:84,11,0,0
BRDA:86,12,0,4
BRDA:86,13,0,1
BRDA:95,14,0,0
BRDA:108,15,0,0
BRDA:110,16,0,4
BRF:17
BRH:6
end_of_record
TN:
SF:src/api/types.ts
FN:43,<instance_members_initializer>
FN:47,ApiError
FNF:2
FNH:2
FNDA:1,<instance_members_initializer>
FNDA:1,ApiError
DA:42,1
DA:43,1
DA:44,1
DA:45,1
DA:47,1
DA:48,1
DA:49,1
DA:50,1
DA:51,1
DA:52,1
DA:53,1
LF:11
LH:11
BRDA:43,0,0,1
BRDA:47,1,0,1
BRF:2
BRH:2
end_of_record
TN:
SF:src/components/Filters.tsx
FN:15,Filters
FN:36,onChange
FN:50,onChange
FN:63,onChange
FN:81,onChange
FNF:5
FNH:1
FNDA:13,Filters
FNDA:0,onChange
FNDA:0,onChange
FNDA:0,onChange
FNDA:0,onChange
DA:1,1
DA:15,1
DA:16,13
DA:17,13
DA:18,13
DA:19,13
DA:20,13
DA:21,13
DA:22,13
DA:23,13
DA:24,13
DA:25,13
DA:26,13
DA:27,13
DA:29,13
DA:30,13
DA:31,13
DA:32,13
DA:33,13
DA:34,13
DA:35,13
DA:36,13
DA:38,13
DA:39,13
DA:40,13
DA:41,13
DA:42,13
DA:44,13
DA:45,13
DA:46,13
DA:47,13
DA:48,13
DA:49,13
DA:50,13
DA:51,13
DA:53,13
DA:54,13
DA:55,13
DA:56,13
DA:58,13
DA:59,13
DA:60,13
DA:61,13
DA:62,13
DA:63,13
DA:64,0
DA:65,0
DA:66,0
DA:68,13
DA:69,22
DA:70,22
DA:71,22
DA:72,13
DA:73,13
DA:74,13
DA:76,13
DA:77,13
DA:78,13
DA:79,13
DA:80,13
DA:81,13
DA:82,13
DA:83,13
DA:84,13
DA:85,13
DA:87,13
LF:66
LH:63
BRDA:15,0,0,13
BRDA:51,1,0,0
BRDA:68,2,0,22
BRDA:70,3,0,13
BRDA:70,4,0,9
BRF:5
BRH:4
end_of_record
TN:
SF:src/components/Pagination.tsx
FN:7,createPageList
FN:20,Pagination
FN:30,onClick
FN:44,onClick
FN:55,onClick
FNF:5
FNH:5
FNDA:10,createPageList
FNDA:14,Pagination
FNDA:1,onClick
FNDA:1,onClick
FNDA:1,onClick
DA:1,1
DA:7,1
DA:8,10
DA:9,10
DA:10,10
DA:11,10
DA:13,10
DA:14,31
DA:15,31
DA:17,10
DA:18,10
DA:20,1
DA:21,14
DA:23,10
DA:25,10
DA:26,10
DA:27,10
DA:28,10
DA:29,10
DA:30,10
DA:31,10
DA:32,10
DA:33,10
DA:35,10
DA:37,10
DA:38,10
DA:39,31
DA:40,31
DA:41,31
DA:42,31
DA:43,31
DA:44,31
DA:46,31
DA:47,31
DA:48,31
DA:49,10
DA:50,10
DA:52,10
DA:53,10
DA:54,10
DA:55,10
DA:56,10
DA:57,10
DA:58,10
DA:60,10
DA:61,10
DA:63,10
LF:47
LH:47
BRDA:7,0,0,10
BRDA:13,1,0,31
BRDA:20,2,0,14
BRDA:21,3,0,4
BRDA:21,4,0,10
BRDA:30,5,0,1
BRDA:38,6,0,31
BRDA:42,7,0,10
BRDA:42,8,0,21
BRDA:43,9,0,10
BRDA:43,10,0,21
BRDA:44,11,0,1
BRDA:55,12,0,1
BRF:13
BRH:13
end_of_record
TN:
SF:src/components/RepoCard.tsx
FN:9,RepoCard
FNF:1
FNH:1
FNDA:9,RepoCard
DA:1,1
DA:7,1
DA:9,1
DA:10,9
DA:11,9
DA:12,9
DA:13,9
DA:14,9
DA:15,9
DA:16,9
DA:17,9
DA:18,9
DA:19,9
DA:20,9
DA:21,9
DA:22,9
DA:24,9
DA:25,9
DA:26,9
DA:27,9
DA:28,9
DA:29,9
DA:31,9
DA:33,9
DA:34,9
DA:35,9
DA:36,9
DA:37,9
DA:38,9
DA:39,9
DA:40,9
DA:41,9
DA:42,9
DA:44,9
LF:34
LH:34
BRDA:9,0,0,9
BRDA:28,1,0,0
BRDA:31,2,0,0
BRF:3
BRH:1
end_of_record
TN:
SF:src/components/RepoSkeleton.tsx
FN:1,RepoSkeleton
FNF:1
FNH:1
FNDA:24,RepoSkeleton
DA:1,1
DA:2,24
DA:3,24
DA:4,24
DA:5,24
DA:6,24
DA:7,24
DA:9,24
LF:8
LH:8
BRDA:1,0,0,24
BRF:1
BRH:1
end_of_record
TN:
SF:src/components/SearchBar.tsx
FN:7,SearchBar
FN:11,onSubmit
FN:28,onChange
FNF:3
FNH:2
FNDA:13,SearchBar
FNDA:0,onSubmit
FNDA:4,onChange
DA:1,1
DA:7,1
DA:8,13
DA:9,13
DA:10,13
DA:11,13
DA:12,0
DA:13,0
DA:14,0
DA:15,13
DA:16,13
DA:18,13
DA:20,13
DA:21,13
DA:22,13
DA:23,13
DA:24,13
DA:25,13
DA:26,13
DA:27,13
DA:28,13
DA:29,13
DA:30,13
DA:31,13
DA:33,13
DA:34,13
DA:36,13
LF:27
LH:24
BRDA:7,0,0,13
BRDA:28,1,0,4
BRF:2
BRH:2
end_of_record
TN:
SF:src/hooks/useDebounce.ts
FN:3,useDebounce
FNF:1
FNH:1
FNDA:16,useDebounce
DA:1,1
DA:3,1
DA:4,16
DA:6,16
DA:7,6
DA:8,6
DA:9,16
DA:11,16
DA:12,16
LF:9
LH:9
BRDA:3,0,0,16
BRDA:6,1,0,6
BRDA:7,2,0,1
BRDA:8,3,0,6
BRF:4
BRH:4
end_of_record
TN:
SF:src/hooks/useSearchRepos.ts
FN:17,useSearchRepos
FN:35,queryFn
FN:38,placeholderData
FN:39,retry
FN:48,getEffectiveTotalPages
FNF:5
FNH:5
FNDA:20,useSearchRepos
FNDA:5,queryFn
FNDA:28,placeholderData
FNDA:1,retry
FNDA:10,getEffectiveTotalPages
DA:1,1
DA:5,1
DA:17,1
DA:18,20
DA:19,20
DA:21,20
DA:22,20
DA:23,20
DA:24,20
DA:25,20
DA:26,20
DA:27,20
DA:28,20
DA:29,20
DA:30,20
DA:31,20
DA:32,20
DA:33,20
DA:34,20
DA:35,20
DA:36,20
DA:37,20
DA:38,20
DA:39,20
DA:40,1
DA:41,1
DA:42,1
DA:43,0
DA:44,1
DA:45,20
DA:46,20
DA:48,1
DA:49,10
LF:33
LH:32
BRDA:17,0,0,20
BRDA:35,1,0,5
BRDA:38,2,0,28
BRDA:39,3,0,1
BRDA:42,4,0,0
BRDA:48,5,0,10
BRF:6
BRH:5
end_of_record
TN:
SF:src/pages/SearchPage.tsx
FN:16,parsePage
FN:22,parseSort
FN:25,parseOrder
FN:27,parseForks
FN:29,SearchPage
FN:139,onChange
FN:140,onSubmit
FN:148,onSortChange
FN:149,onOrderChange
FN:150,onLanguageChange
FN:151,onForksChange
FN:175,onClick
FNF:12
FNH:6
FNDA:5,parsePage
FNDA:5,parseSort
FNDA:5,parseOrder
FNDA:5,parseForks
FNDA:16,SearchPage
FNDA:4,onChange
FNDA:0,onSubmit
FNDA:0,onSortChange
FNDA:0,onOrderChange
FNDA:0,onLanguageChange
FNDA:0,onForksChange
FNDA:0,onClick
DA:1,1
DA:13,1
DA:14,1
DA:16,1
DA:17,5
DA:18,5
DA:19,3
DA:20,3
DA:22,1
DA:23,5
DA:25,1
DA:27,1
DA:29,16
DA:30,16
DA:31,16
DA:33,16
DA:34,16
DA:35,16
DA:36,16
DA:38,16
DA:39,16
DA:40,5
DA:41,5
DA:42,5
DA:43,5
DA:44,5
DA:45,5
DA:46,5
DA:47,16
DA:48,16
DA:50,16
DA:51,3
DA:52,16
DA:54,16
DA:55,6
DA:56,6
DA:57,6
DA:59,3
DA:60,3
DA:61,3
DA:62,3
DA:63,16
DA:65,16
DA:66,16
DA:67,16
DA:68,16
DA:69,16
DA:70,16
DA:71,16
DA:72,16
DA:73,16
DA:75,16
DA:76,16
DA:77,0
DA:78,0
DA:79,0
DA:80,0
DA:81,0
DA:82,0
DA:83,0
DA:84,0
DA:85,0
DA:86,0
DA:87,0
DA:88,0
DA:89,0
DA:90,16
DA:91,16
DA:93,16
DA:94,16
DA:95,0
DA:96,0
DA:97,16
DA:98,16
DA:100,16
DA:101,16
DA:102,16
DA:103,16
DA:105,16
DA:106,8
DA:107,0
DA:108,0
DA:109,16
DA:111,16
DA:112,16
DA:113,0
DA:114,16
DA:115,0
DA:116,16
DA:118,16
DA:119,16
DA:121,16
DA:122,16
DA:123,16
DA:124,16
DA:125,16
DA:126,16
DA:129,16
DA:130,16
DA:131,16
DA:132,16
DA:133,16
DA:134,16
DA:136,16
DA:137,16
DA:138,16
DA:139,16
DA:140,16
DA:141,16
DA:142,16
DA:143,16
DA:144,16
DA:145,16
DA:146,16
DA:147,16
DA:148,16
DA:149,16
DA:150,16
DA:151,16
DA:152,0
DA:154,16
DA:155,16
DA:156,16
DA:157,16
DA:158,10
DA:159,6
DA:160,16
DA:161,16
DA:162,16
DA:163,16
DA:165,16
DA:166,0
DA:167,0
DA:168,0
DA:169,0
DA:170,0
DA:173,0
DA:175,0
DA:177,0
DA:178,0
DA:179,16
DA:181,16
DA:182,0
DA:183,0
DA:184,0
DA:185,0
DA:186,16
DA:188,16
DA:189,16
DA:190,10
DA:191,6
DA:192,16
DA:193,6
DA:194,10
DA:195,16
DA:197,16
DA:198,0
DA:200,0
DA:201,16
DA:203,16
DA:204,16
DA:206,16
LF:162
LH:127
BRDA:16,0,0,5
BRDA:17,1,0,2
BRDA:18,2,0,3
BRDA:18,3,0,2
BRDA:18,4,0,3
BRDA:22,5,0,5
BRDA:23,6,0,0
BRDA:25,7,0,5
BRDA:25,8,0,0
BRDA:27,9,0,5
BRDA:29,10,0,16
BRDA:34,11,0,14
BRDA:34,12,0,0
BRDA:34,13,0,2
BRDA:100,14,0,10
BRDA:100,15,0,6
BRDA:101,16,0,10
BRDA:101,17,0,6
BRDA:102,18,0,10
BRDA:102,19,0,6
BRDA:103,20,0,9
BRDA:112,21,0,0
BRDA:114,22,0,0
BRDA:119,23,0,0
BRDA:131,24,0,0
BRDA:157,25,0,10
BRDA:158,26,0,6
BRDA:161,27,0,7
BRDA:165,28,0,0
BRDA:181,29,0,0
BRDA:189,30,0,10
BRDA:190,31,0,6
BRDA:192,32,0,7
BRDA:192,33,0,6
BRDA:193,34,0,10
BRDA:197,35,0,10
BRDA:197,36,0,0
BRDA:39,37,0,5
BRDA:50,38,0,3
BRDA:54,39,0,6
BRDA:56,40,0,2
BRDA:57,41,0,3
BRDA:105,42,0,8
BRDA:106,43,0,4
BRDA:106,44,0,0
BRDA:139,45,0,4
BRDA:190,46,0,10
BRDA:193,47,0,36
BRF:48
BRH:37
end_of_record
